<?xml version="1.0" encoding="UTF-8"?>
<!-- Generated by org.testng.reporters.JUnitReportReporter -->
<testsuite hostname="Shihab" name="test.LoginTest" tests="2" failures="0" timestamp="18 Aug 2023 21:31:57 GMT" time="4.779" errors="0">
  <testcase name="validUserShouldBeAbleToLogin" time="4.776" classname="test.LoginTest"/>
  <testcase name="regression" time="0.003" classname="test.LoginTest"/>
</testsuite> <!-- test.LoginTest -->
