<?xml version="1.0" encoding="UTF-8"?>
<!-- Generated by org.testng.reporters.JUnitReportReporter -->
<testsuite hostname="Shihab" name="util.ReadDataGSON" tests="1" failures="0" timestamp="4 Aug 2023 18:22:11 GMT" time="0.016" errors="0">
  <testcase name="readData" time="0.016" classname="util.ReadDataGSON"/>
</testsuite> <!-- util.ReadDataGSON -->
