<?xml version="1.0" encoding="UTF-8"?>
<!-- Generated by org.testng.reporters.JUnitReportReporter -->
<testsuite hostname="Shihab" name="test.ListCustomerTest" tests="1" failures="0" timestamp="18 Aug 2023 21:31:57 GMT" time="18.950" errors="0">
  <testcase name="userShouldBeAbleToAddCustomerFromListCustmer" time="18.950" classname="test.ListCustomerTest"/>
</testsuite> <!-- test.ListCustomerTest -->
