<?xml version="1.0" encoding="UTF-8"?>
<!-- Generated by org.testng.reporters.JUnitReportReporter -->
<testsuite hostname="Shihab" name="test.AddCustomerTest" tests="1" failures="0" timestamp="18 Aug 2023 21:31:57 GMT" time="12.080" errors="0">
  <testcase name="userShouldBeAbleToAddCustomer" time="12.080" classname="test.AddCustomerTest"/>
</testsuite> <!-- test.AddCustomerTest -->
