<?xml version="1.0" encoding="UTF-8"?>
<!-- Generated by org.testng.reporters.JUnitReportReporter -->
<testsuite hostname="Shihab" name="util.ReadData" tests="1" failures="0" timestamp="3 Aug 2023 19:41:21 GMT" time="0.016" errors="0">
  <testcase name="readJsonData" time="0.016" classname="util.ReadData"/>
</testsuite> <!-- util.ReadData -->
